<?xml version="1.0" encoding="UTF-8"?>
<!-- Generated by org.testng.reporters.JUnitReportReporter -->
<testsuite hostname="DESKTOP-BBB5T0T" failures="0" tests="6" name="api.test.DDTests" time="11.339" errors="0" timestamp="2023-04-15T13:50:25 IST" skipped="0">
  <testcase classname="api.test.DDTests" name="testPostuser" time="1.482"/>
  <system-out/>
  <testcase classname="api.test.DDTests" name="testPostuser" time="3.959"/>
  <system-out/>
  <testcase classname="api.test.DDTests" name="testPostuser" time="1.467"/>
  <system-out/>
  <testcase classname="api.test.DDTests" name="testDeleteUserByName" time="1.457"/>
  <system-out/>
  <testcase classname="api.test.DDTests" name="testDeleteUserByName" time="1.499"/>
  <system-out/>
  <testcase classname="api.test.DDTests" name="testDeleteUserByName" time="1.475"/>
  <system-out/>
</testsuite> <!-- api.test.DDTests -->
