<?xml version="1.0" encoding="UTF-8"?>
<!-- Generated by org.testng.reporters.JUnitReportReporter -->
<testsuite hostname="DESKTOP-BBB5T0T" failures="0" tests="4" name="api.test.UserTests" time="13.894" errors="0" timestamp="2023-04-15T16:37:36 IST" skipped="0">
  <testcase classname="api.test.UserTests" name="testPostUser" time="4.743"/>
  <system-out/>
  <testcase classname="api.test.UserTests" name="testGetUserByName" time="2.429"/>
  <system-out/>
  <testcase classname="api.test.UserTests" name="testUpdateUserByName" time="4.481"/>
  <system-out/>
  <testcase classname="api.test.UserTests" name="testDeleteUserByName" time="2.241"/>
  <system-out/>
</testsuite> <!-- api.test.UserTests -->
