<?xml version="1.0" encoding="UTF-8"?>
<!-- Generated by org.testng.reporters.JUnitReportReporter -->
<testsuite hostname="DESKTOP-BBB5T0T" failures="0" tests="4" name="api.test.UserTests2" time="17.840" errors="0" timestamp="2023-04-15T16:50:08 IST" skipped="0">
  <testcase classname="api.test.UserTests2" name="testPostUser" time="4.580"/>
  <system-out/>
  <testcase classname="api.test.UserTests2" name="testGetUserByName" time="2.236"/>
  <system-out/>
  <testcase classname="api.test.UserTests2" name="testUpdateUserByName" time="9.084"/>
  <system-out/>
  <testcase classname="api.test.UserTests2" name="testDeleteUserByName" time="1.940"/>
  <system-out/>
</testsuite> <!-- api.test.UserTests2 -->
