<?xml version="1.0" encoding="UTF-8"?>
<!-- Generated by org.testng.reporters.JUnitReportReporter -->
<testsuite hostname="DESKTOP-BBB5T0T" failures="0" tests="4" name="api.test.UserTests2" time="11.357" errors="0" timestamp="2023-04-15T17:03:47 IST" skipped="0">
  <testcase classname="api.test.UserTests2" name="testPostUser" time="4.162"/>
  <system-out/>
  <testcase classname="api.test.UserTests2" name="testGetUserByName" time="1.889"/>
  <system-out/>
  <testcase classname="api.test.UserTests2" name="testUpdateUserByName" time="3.557"/>
  <system-out/>
  <testcase classname="api.test.UserTests2" name="testDeleteUserByName" time="1.749"/>
  <system-out/>
</testsuite> <!-- api.test.UserTests2 -->
